This is pdfTeX, Version 3.14159265-2.6-1.40.19 (TeX Live 2018/W32TeX) (preloaded format=pdflatex 2018.11.14)  18 NOV 2018 16:36
entering extended mode
 restricted \write18 enabled.
 %&-line parsing enabled.
**"C:/Users/J. Aravind/Dropbox/R packages/augmentedRCBD/docs/articles/Data_Anal
ysis_with_augmentedRCBD.tex"

(c:/Users/J. Aravind/Dropbox/R packages/augmentedRCBD/docs/articles/Data_Analys
is_with_augmentedRCBD.tex
LaTeX2e <2018-04-01> patch level 5

! LaTeX Error: Missing \begin{document}.

See the LaTeX manual or LaTeX Companion for explanation.
Type  H <return>  for immediate help.
 ...                                              
                                                  
l.1 <
     !-- Generated by pkgdown: do not edit by hand --> 
Here is how much of TeX's memory you used:
 8 strings out of 494585
 637 string characters out of 6176038
 51991 words of memory out of 5000000
 3743 multiletter control sequences out of 15000+600000
 3640 words of font info for 14 fonts, out of 8000000 for 9000
 14 hyphenation exceptions out of 8191
 5i,0n,4p,158b,14s stack positions out of 5000i,500n,10000p,200000b,80000s

!  ==> Fatal error occurred, no output PDF file produced!
